<?xml version="1.0" encoding="UTF-8"?>
<!-- Generated by org.testng.reporters.JUnitReportReporter -->
<testsuite hostname="DESKTOP-C110AJO" failures="0" tests="1" name="PageObject.initiateBrowser" time="0.404" errors="0" timestamp="2021-10-19T13:41:09 CDT" skipped="0">
  <testcase classname="PageObject.initiateBrowser" name="login" time="0.404"/>
  <system-out/>
</testsuite> <!-- PageObject.initiateBrowser -->
