<?xml version="1.0" encoding="UTF-8"?>
<!-- Generated by org.testng.reporters.JUnitReportReporter -->
<testsuite hostname="DESKTOP-C110AJO" failures="0" tests="4" name="PageObject.Testnggrouping" time="0.054" errors="0" timestamp="2021-10-11T20:53:49 CDT" skipped="0">
  <testcase classname="PageObject.Testnggrouping" name="m1" time="0.019"/>
  <system-out/>
  <testcase classname="PageObject.Testnggrouping" name="m2" time="0.006"/>
  <system-out/>
  <testcase classname="PageObject.Testnggrouping" name="m4" time="0.015"/>
  <system-out/>
  <testcase classname="PageObject.Testnggrouping" name="m3" time="0.014"/>
  <system-out/>
</testsuite> <!-- PageObject.Testnggrouping -->
