<?xml version="1.0" encoding="UTF-8"?>
<!-- Generated by org.testng.reporters.JUnitReportReporter -->
<testsuite hostname="DESKTOP-C110AJO" failures="0" tests="2" name="PageObject.parelltesting" time="25.340" errors="0" timestamp="2021-10-13T09:22:17 CDT" skipped="0">
  <testcase classname="PageObject.parelltesting" name="ChromeBrowser" time="7.424"/>
  <system-out/>
  <testcase classname="PageObject.parelltesting" name="FirefoxBrowser" time="17.916"/>
  <system-out/>
</testsuite> <!-- PageObject.parelltesting -->
